2021-05-15 20:07:00,381 INFO org.springframework.boot.StartupInfoLogger [main] Starting SkyRunApplication using Java 11.0.8 on DESKTOP-SPU9LGP with PID 7872 (C:\Users\shady\Documents\Proyectos_IntelliJ\SkyRun\target\classes started by shady in C:\Users\shady\Documents\Proyectos_IntelliJ\SkyRun)
2021-05-15 20:07:00,383 INFO org.springframework.boot.SpringApplication [main] No active profile set, falling back to default profiles: default
2021-05-15 20:07:00,910 INFO org.springframework.data.repository.config.RepositoryConfigurationDelegate [main] Bootstrapping Spring Data JPA repositories in DEFAULT mode.
2021-05-15 20:07:00,952 INFO org.springframework.data.repository.config.RepositoryConfigurationDelegate [main] Finished Spring Data repository scanning in 35 ms. Found 1 JPA repository interfaces.
2021-05-15 20:07:01,421 INFO org.springframework.boot.web.embedded.tomcat.TomcatWebServer [main] Tomcat initialized with port(s): 8080 (http)
2021-05-15 20:07:01,434 INFO org.apache.juli.logging.DirectJDKLog [main] Initializing ProtocolHandler ["http-nio-8080"]
2021-05-15 20:07:01,435 INFO org.apache.juli.logging.DirectJDKLog [main] Starting service [Tomcat]
2021-05-15 20:07:01,436 INFO org.apache.juli.logging.DirectJDKLog [main] Starting Servlet engine: [Apache Tomcat/9.0.45]
2021-05-15 20:07:01,536 INFO org.apache.juli.logging.DirectJDKLog [main] Initializing Spring embedded WebApplicationContext
2021-05-15 20:07:01,536 INFO org.springframework.boot.web.servlet.context.ServletWebServerApplicationContext [main] Root WebApplicationContext: initialization completed in 1115 ms
2021-05-15 20:07:01,706 INFO org.hibernate.jpa.internal.util.LogHelper [main] HHH000204: Processing PersistenceUnitInfo [name: default]
2021-05-15 20:07:01,769 INFO org.hibernate.Version [main] HHH000412: Hibernate ORM core version 5.4.30.Final
2021-05-15 20:07:01,912 INFO org.hibernate.annotations.common.reflection.java.JavaReflectionManager [main] HCANN000001: Hibernate Commons Annotations {5.1.2.Final}
2021-05-15 20:07:02,021 INFO com.zaxxer.hikari.HikariDataSource [main] HikariPool-1 - Starting...
2021-05-15 20:07:02,199 INFO com.zaxxer.hikari.HikariDataSource [main] HikariPool-1 - Start completed.
2021-05-15 20:07:02,216 INFO org.hibernate.dialect.Dialect [main] HHH000400: Using dialect: org.hibernate.dialect.MySQL55Dialect
2021-05-15 20:07:02,798 INFO org.hibernate.engine.transaction.jta.platform.internal.JtaPlatformInitiator [main] HHH000490: Using JtaPlatform implementation: [org.hibernate.engine.transaction.jta.platform.internal.NoJtaPlatform]
2021-05-15 20:07:02,800 INFO org.springframework.orm.jpa.AbstractEntityManagerFactoryBean [main] Initialized JPA EntityManagerFactory for persistence unit 'default'
2021-05-15 20:07:03,060 WARN org.springframework.boot.autoconfigure.orm.jpa.JpaBaseConfiguration$JpaWebConfiguration [main] spring.jpa.open-in-view is enabled by default. Therefore, database queries may be performed during view rendering. Explicitly configure spring.jpa.open-in-view to disable this warning
2021-05-15 20:07:03,106 INFO org.springframework.scheduling.concurrent.ExecutorConfigurationSupport [main] Initializing ExecutorService 'applicationTaskExecutor'
2021-05-15 20:07:03,414 WARN org.springframework.boot.autoconfigure.thymeleaf.ThymeleafAutoConfiguration$DefaultTemplateResolverConfiguration [main] Cannot find template location: classpath:/templates/ (please add some templates or check your Thymeleaf configuration)
2021-05-15 20:07:03,556 INFO org.apache.juli.logging.DirectJDKLog [main] Starting ProtocolHandler ["http-nio-8080"]
2021-05-15 20:07:03,576 INFO org.springframework.boot.web.embedded.tomcat.TomcatWebServer [main] Tomcat started on port(s): 8080 (http) with context path ''
2021-05-15 20:07:03,582 INFO org.springframework.boot.StartupInfoLogger [main] Started SkyRunApplication in 3.614 seconds (JVM running for 3.964)
2021-05-15 20:08:50,151 INFO org.apache.juli.logging.DirectJDKLog [http-nio-8080-exec-1] Initializing Spring DispatcherServlet 'dispatcherServlet'
2021-05-15 20:08:50,152 INFO org.springframework.web.servlet.FrameworkServlet [http-nio-8080-exec-1] Initializing Servlet 'dispatcherServlet'
2021-05-15 20:08:50,153 INFO org.springframework.web.servlet.FrameworkServlet [http-nio-8080-exec-1] Completed initialization in 1 ms
2021-05-15 20:08:50,653 INFO org.springdoc.api.AbstractOpenApiResource [http-nio-8080-exec-2] Init duration for springdoc-openapi is: 243 ms
2021-05-15 20:09:47,808 INFO com.sanvalero.skyrun.controller.LocationController [http-nio-8080-exec-10] Init addLocation
2021-05-15 20:09:47,857 INFO com.sanvalero.skyrun.controller.LocationController [http-nio-8080-exec-10] End addLocation
2021-05-15 20:10:09,470 INFO com.sanvalero.skyrun.controller.LocationController [http-nio-8080-exec-5] Init addLocation
2021-05-15 20:10:09,478 INFO com.sanvalero.skyrun.controller.LocationController [http-nio-8080-exec-5] End addLocation
2021-05-15 20:11:07,447 INFO com.sanvalero.skyrun.controller.LocationController [http-nio-8080-exec-8] Init addLocation
2021-05-15 20:11:07,452 INFO com.sanvalero.skyrun.controller.LocationController [http-nio-8080-exec-8] End addLocation
2021-05-15 20:11:25,769 INFO com.sanvalero.skyrun.controller.LocationController [http-nio-8080-exec-3] Init addLocation
2021-05-15 20:11:25,776 INFO com.sanvalero.skyrun.controller.LocationController [http-nio-8080-exec-3] End addLocation
2021-05-15 20:11:44,478 INFO com.sanvalero.skyrun.controller.LocationController [http-nio-8080-exec-6] Init addLocation
2021-05-15 20:11:44,483 INFO com.sanvalero.skyrun.controller.LocationController [http-nio-8080-exec-6] End addLocation
2021-05-15 20:12:38,616 INFO com.sanvalero.skyrun.controller.LocationController [http-nio-8080-exec-2] Init addLocation
2021-05-15 20:12:38,624 INFO com.sanvalero.skyrun.controller.LocationController [http-nio-8080-exec-2] End addLocation
2021-05-15 20:12:51,465 INFO com.sanvalero.skyrun.controller.LocationController [http-nio-8080-exec-9] Init addLocation
2021-05-15 20:12:51,470 INFO com.sanvalero.skyrun.controller.LocationController [http-nio-8080-exec-9] End addLocation
2021-05-15 20:13:01,373 INFO com.sanvalero.skyrun.controller.LocationController [http-nio-8080-exec-10] Init addLocation
2021-05-15 20:13:01,376 INFO com.sanvalero.skyrun.controller.LocationController [http-nio-8080-exec-10] End addLocation
2021-05-15 20:13:07,761 INFO com.sanvalero.skyrun.controller.LocationController [http-nio-8080-exec-1] Init addLocation
2021-05-15 20:13:07,766 INFO com.sanvalero.skyrun.controller.LocationController [http-nio-8080-exec-1] End addLocation
2021-05-15 20:13:27,498 INFO com.sanvalero.skyrun.controller.LocationController [http-nio-8080-exec-4] Init addLocation
2021-05-15 20:13:27,513 INFO com.sanvalero.skyrun.controller.LocationController [http-nio-8080-exec-4] End addLocation
2021-05-15 20:13:41,707 INFO com.sanvalero.skyrun.controller.LocationController [http-nio-8080-exec-7] Init addLocation
2021-05-15 20:13:41,711 INFO com.sanvalero.skyrun.controller.LocationController [http-nio-8080-exec-7] End addLocation
2021-05-15 20:13:57,220 INFO com.sanvalero.skyrun.controller.LocationController [http-nio-8080-exec-5] Init addLocation
2021-05-15 20:13:57,226 INFO com.sanvalero.skyrun.controller.LocationController [http-nio-8080-exec-5] End addLocation
2021-05-15 20:53:16,576 INFO org.springframework.boot.StartupInfoLogger [main] Starting SkyRunApplication using Java 11.0.8 on DESKTOP-SPU9LGP with PID 3620 (C:\Users\shady\Documents\Proyectos_IntelliJ\SkyRun\target\classes started by shady in C:\Users\shady\Documents\Proyectos_IntelliJ\SkyRun)
2021-05-15 20:53:16,578 INFO org.springframework.boot.SpringApplication [main] No active profile set, falling back to default profiles: default
2021-05-15 20:53:17,015 INFO org.springframework.data.repository.config.RepositoryConfigurationDelegate [main] Bootstrapping Spring Data JPA repositories in DEFAULT mode.
2021-05-15 20:53:17,051 INFO org.springframework.data.repository.config.RepositoryConfigurationDelegate [main] Finished Spring Data repository scanning in 30 ms. Found 2 JPA repository interfaces.
2021-05-15 20:53:17,443 INFO org.springframework.boot.web.embedded.tomcat.TomcatWebServer [main] Tomcat initialized with port(s): 8080 (http)
2021-05-15 20:53:17,449 INFO org.apache.juli.logging.DirectJDKLog [main] Initializing ProtocolHandler ["http-nio-8080"]
2021-05-15 20:53:17,449 INFO org.apache.juli.logging.DirectJDKLog [main] Starting service [Tomcat]
2021-05-15 20:53:17,453 INFO org.apache.juli.logging.DirectJDKLog [main] Starting Servlet engine: [Apache Tomcat/9.0.45]
2021-05-15 20:53:17,519 INFO org.apache.juli.logging.DirectJDKLog [main] Initializing Spring embedded WebApplicationContext
2021-05-15 20:53:17,519 INFO org.springframework.boot.web.servlet.context.ServletWebServerApplicationContext [main] Root WebApplicationContext: initialization completed in 915 ms
2021-05-15 20:53:17,636 INFO org.hibernate.jpa.internal.util.LogHelper [main] HHH000204: Processing PersistenceUnitInfo [name: default]
2021-05-15 20:53:17,679 INFO org.hibernate.Version [main] HHH000412: Hibernate ORM core version 5.4.30.Final
2021-05-15 20:53:17,763 INFO org.hibernate.annotations.common.reflection.java.JavaReflectionManager [main] HCANN000001: Hibernate Commons Annotations {5.1.2.Final}
2021-05-15 20:53:17,820 INFO com.zaxxer.hikari.HikariDataSource [main] HikariPool-1 - Starting...
2021-05-15 20:53:17,927 INFO com.zaxxer.hikari.HikariDataSource [main] HikariPool-1 - Start completed.
2021-05-15 20:53:17,929 INFO org.hibernate.dialect.Dialect [main] HHH000400: Using dialect: org.hibernate.dialect.MySQL55Dialect
2021-05-15 20:53:18,335 INFO org.hibernate.engine.transaction.jta.platform.internal.JtaPlatformInitiator [main] HHH000490: Using JtaPlatform implementation: [org.hibernate.engine.transaction.jta.platform.internal.NoJtaPlatform]
2021-05-15 20:53:18,339 INFO org.springframework.orm.jpa.AbstractEntityManagerFactoryBean [main] Initialized JPA EntityManagerFactory for persistence unit 'default'
2021-05-15 20:53:18,548 WARN org.springframework.boot.autoconfigure.orm.jpa.JpaBaseConfiguration$JpaWebConfiguration [main] spring.jpa.open-in-view is enabled by default. Therefore, database queries may be performed during view rendering. Explicitly configure spring.jpa.open-in-view to disable this warning
2021-05-15 20:53:18,606 INFO org.springframework.scheduling.concurrent.ExecutorConfigurationSupport [main] Initializing ExecutorService 'applicationTaskExecutor'
2021-05-15 20:53:18,873 WARN org.springframework.boot.autoconfigure.thymeleaf.ThymeleafAutoConfiguration$DefaultTemplateResolverConfiguration [main] Cannot find template location: classpath:/templates/ (please add some templates or check your Thymeleaf configuration)
2021-05-15 20:53:18,980 INFO org.apache.juli.logging.DirectJDKLog [main] Starting ProtocolHandler ["http-nio-8080"]
2021-05-15 20:53:18,994 INFO org.springframework.boot.web.embedded.tomcat.TomcatWebServer [main] Tomcat started on port(s): 8080 (http) with context path ''
2021-05-15 20:53:19,001 INFO org.springframework.boot.StartupInfoLogger [main] Started SkyRunApplication in 2.721 seconds (JVM running for 3.007)
2021-05-15 20:53:43,522 INFO org.apache.juli.logging.DirectJDKLog [http-nio-8080-exec-1] Initializing Spring DispatcherServlet 'dispatcherServlet'
2021-05-15 20:53:43,524 INFO org.springframework.web.servlet.FrameworkServlet [http-nio-8080-exec-1] Initializing Servlet 'dispatcherServlet'
2021-05-15 20:53:43,525 INFO org.springframework.web.servlet.FrameworkServlet [http-nio-8080-exec-1] Completed initialization in 1 ms
2021-05-15 20:53:44,327 INFO org.springdoc.api.AbstractOpenApiResource [http-nio-8080-exec-3] Init duration for springdoc-openapi is: 518 ms
2021-05-15 20:56:32,482 INFO com.sanvalero.skyrun.controller.RaceController [http-nio-8080-exec-7] Init addRace
2021-05-15 20:56:32,576 INFO com.sanvalero.skyrun.controller.RaceController [http-nio-8080-exec-7] End addRace
2021-05-15 20:59:27,526 INFO com.sanvalero.skyrun.controller.RaceController [http-nio-8080-exec-10] Init addRace
2021-05-15 20:59:27,534 INFO com.sanvalero.skyrun.controller.RaceController [http-nio-8080-exec-10] End addRace
2021-05-15 21:00:44,873 INFO com.sanvalero.skyrun.controller.RaceController [http-nio-8080-exec-3] Init addRace
2021-05-15 21:00:44,886 INFO com.sanvalero.skyrun.controller.RaceController [http-nio-8080-exec-3] End addRace
2021-05-15 21:02:26,042 INFO com.sanvalero.skyrun.controller.RaceController [http-nio-8080-exec-6] Init addRace
2021-05-15 21:02:26,048 INFO com.sanvalero.skyrun.controller.RaceController [http-nio-8080-exec-6] End addRace
2021-05-15 21:02:34,199 INFO com.sanvalero.skyrun.controller.LocationController [http-nio-8080-exec-7] Init getLocations
2021-05-15 21:02:34,285 INFO com.sanvalero.skyrun.controller.LocationController [http-nio-8080-exec-7] End getLocations
2021-05-15 21:02:51,251 INFO com.sanvalero.skyrun.controller.LocationController [http-nio-8080-exec-8] Init getLocations
2021-05-15 21:02:51,254 INFO com.sanvalero.skyrun.controller.LocationController [http-nio-8080-exec-8] End getLocationById
2021-05-15 21:03:24,596 INFO com.sanvalero.skyrun.controller.RaceController [http-nio-8080-exec-9] Init getRaces
2021-05-15 21:03:24,603 INFO com.sanvalero.skyrun.controller.RaceController [http-nio-8080-exec-9] End getRaces
2021-05-15 21:03:32,031 INFO com.sanvalero.skyrun.controller.RaceController [http-nio-8080-exec-10] Init getRaceById
2021-05-15 21:03:32,035 INFO com.sanvalero.skyrun.controller.RaceController [http-nio-8080-exec-10] End getRaceById
2021-05-15 21:44:43,844 INFO org.springframework.boot.StartupInfoLogger [main] Starting SkyRunApplication using Java 11.0.8 on DESKTOP-SPU9LGP with PID 14948 (C:\Users\shady\Documents\Proyectos_IntelliJ\SkyRun\target\classes started by shady in C:\Users\shady\Documents\Proyectos_IntelliJ\SkyRun)
2021-05-15 21:44:43,847 INFO org.springframework.boot.SpringApplication [main] No active profile set, falling back to default profiles: default
2021-05-15 21:44:44,304 INFO org.springframework.data.repository.config.RepositoryConfigurationDelegate [main] Bootstrapping Spring Data JPA repositories in DEFAULT mode.
2021-05-15 21:44:44,345 INFO org.springframework.data.repository.config.RepositoryConfigurationDelegate [main] Finished Spring Data repository scanning in 35 ms. Found 3 JPA repository interfaces.
2021-05-15 21:44:44,729 INFO org.springframework.boot.web.embedded.tomcat.TomcatWebServer [main] Tomcat initialized with port(s): 8080 (http)
2021-05-15 21:44:44,736 INFO org.apache.juli.logging.DirectJDKLog [main] Initializing ProtocolHandler ["http-nio-8080"]
2021-05-15 21:44:44,736 INFO org.apache.juli.logging.DirectJDKLog [main] Starting service [Tomcat]
2021-05-15 21:44:44,736 INFO org.apache.juli.logging.DirectJDKLog [main] Starting Servlet engine: [Apache Tomcat/9.0.45]
2021-05-15 21:44:44,803 INFO org.apache.juli.logging.DirectJDKLog [main] Initializing Spring embedded WebApplicationContext
2021-05-15 21:44:44,810 INFO org.springframework.boot.web.servlet.context.ServletWebServerApplicationContext [main] Root WebApplicationContext: initialization completed in 929 ms
2021-05-15 21:44:44,906 INFO org.hibernate.jpa.internal.util.LogHelper [main] HHH000204: Processing PersistenceUnitInfo [name: default]
2021-05-15 21:44:44,950 INFO org.hibernate.Version [main] HHH000412: Hibernate ORM core version 5.4.30.Final
2021-05-15 21:44:45,026 INFO org.hibernate.annotations.common.reflection.java.JavaReflectionManager [main] HCANN000001: Hibernate Commons Annotations {5.1.2.Final}
2021-05-15 21:44:45,091 INFO com.zaxxer.hikari.HikariDataSource [main] HikariPool-1 - Starting...
2021-05-15 21:44:45,197 INFO com.zaxxer.hikari.HikariDataSource [main] HikariPool-1 - Start completed.
2021-05-15 21:44:45,200 INFO org.hibernate.dialect.Dialect [main] HHH000400: Using dialect: org.hibernate.dialect.MySQL55Dialect
2021-05-15 21:44:45,600 INFO org.hibernate.engine.transaction.jta.platform.internal.JtaPlatformInitiator [main] HHH000490: Using JtaPlatform implementation: [org.hibernate.engine.transaction.jta.platform.internal.NoJtaPlatform]
2021-05-15 21:44:45,604 INFO org.springframework.orm.jpa.AbstractEntityManagerFactoryBean [main] Initialized JPA EntityManagerFactory for persistence unit 'default'
2021-05-15 21:44:45,839 WARN org.springframework.boot.autoconfigure.orm.jpa.JpaBaseConfiguration$JpaWebConfiguration [main] spring.jpa.open-in-view is enabled by default. Therefore, database queries may be performed during view rendering. Explicitly configure spring.jpa.open-in-view to disable this warning
2021-05-15 21:44:45,889 INFO org.springframework.scheduling.concurrent.ExecutorConfigurationSupport [main] Initializing ExecutorService 'applicationTaskExecutor'
2021-05-15 21:44:46,146 WARN org.springframework.boot.autoconfigure.thymeleaf.ThymeleafAutoConfiguration$DefaultTemplateResolverConfiguration [main] Cannot find template location: classpath:/templates/ (please add some templates or check your Thymeleaf configuration)
2021-05-15 21:44:46,254 INFO org.apache.juli.logging.DirectJDKLog [main] Starting ProtocolHandler ["http-nio-8080"]
2021-05-15 21:44:46,268 INFO org.springframework.boot.web.embedded.tomcat.TomcatWebServer [main] Tomcat started on port(s): 8080 (http) with context path ''
2021-05-15 21:44:46,276 INFO org.springframework.boot.StartupInfoLogger [main] Started SkyRunApplication in 2.732 seconds (JVM running for 3.024)
2021-05-15 21:46:07,488 INFO org.apache.juli.logging.DirectJDKLog [http-nio-8080-exec-1] Initializing Spring DispatcherServlet 'dispatcherServlet'
2021-05-15 21:46:07,489 INFO org.springframework.web.servlet.FrameworkServlet [http-nio-8080-exec-1] Initializing Servlet 'dispatcherServlet'
2021-05-15 21:46:07,490 INFO org.springframework.web.servlet.FrameworkServlet [http-nio-8080-exec-1] Completed initialization in 1 ms
2021-05-15 21:46:08,109 INFO org.springdoc.api.AbstractOpenApiResource [http-nio-8080-exec-3] Init duration for springdoc-openapi is: 438 ms
2021-05-15 21:48:26,825 INFO com.sanvalero.skyrun.controller.RunnerController [http-nio-8080-exec-7] Init addRunner
2021-05-15 21:48:26,912 INFO com.sanvalero.skyrun.controller.RunnerController [http-nio-8080-exec-7] End addRunner
2021-05-15 21:49:16,182 INFO com.sanvalero.skyrun.controller.RunnerController [http-nio-8080-exec-6] Init addRunner
2021-05-15 21:49:16,188 INFO com.sanvalero.skyrun.controller.RunnerController [http-nio-8080-exec-6] End addRunner
2021-05-15 21:49:40,879 INFO com.sanvalero.skyrun.controller.RunnerController [http-nio-8080-exec-9] Init addRunner
2021-05-15 21:49:40,890 INFO com.sanvalero.skyrun.controller.RunnerController [http-nio-8080-exec-9] End addRunner
2021-05-15 21:49:55,566 INFO com.sanvalero.skyrun.controller.RunnerController [http-nio-8080-exec-10] Init addRunner
2021-05-15 21:49:55,576 INFO com.sanvalero.skyrun.controller.RunnerController [http-nio-8080-exec-10] End addRunner
2021-05-15 21:50:49,838 INFO com.sanvalero.skyrun.controller.RunnerController [http-nio-8080-exec-1] Init addRunner
2021-05-15 21:50:49,853 INFO com.sanvalero.skyrun.controller.RunnerController [http-nio-8080-exec-1] End addRunner
2021-05-15 21:51:09,310 INFO com.sanvalero.skyrun.controller.RunnerController [http-nio-8080-exec-2] Init addRunner
2021-05-15 21:51:09,319 INFO com.sanvalero.skyrun.controller.RunnerController [http-nio-8080-exec-2] End addRunner
2021-05-15 21:51:24,325 INFO com.sanvalero.skyrun.controller.RunnerController [http-nio-8080-exec-3] Init addRunner
2021-05-15 21:51:24,337 INFO com.sanvalero.skyrun.controller.RunnerController [http-nio-8080-exec-3] End addRunner
2021-05-15 21:51:43,129 INFO com.sanvalero.skyrun.controller.RunnerController [http-nio-8080-exec-4] Init addRunner
2021-05-15 21:51:43,141 INFO com.sanvalero.skyrun.controller.RunnerController [http-nio-8080-exec-4] End addRunner
2021-05-15 21:51:57,041 INFO com.sanvalero.skyrun.controller.RunnerController [http-nio-8080-exec-5] Init addRunner
2021-05-15 21:51:57,053 INFO com.sanvalero.skyrun.controller.RunnerController [http-nio-8080-exec-5] End addRunner
2021-05-15 21:52:43,997 INFO com.sanvalero.skyrun.controller.RunnerController [http-nio-8080-exec-8] Init addRunner
2021-05-15 21:52:44,005 INFO com.sanvalero.skyrun.controller.RunnerController [http-nio-8080-exec-8] End addRunner
2021-05-15 21:52:57,679 INFO com.sanvalero.skyrun.controller.RunnerController [http-nio-8080-exec-7] Init addRunner
2021-05-15 21:52:57,690 INFO com.sanvalero.skyrun.controller.RunnerController [http-nio-8080-exec-7] End addRunner
2021-05-15 21:53:21,117 INFO com.sanvalero.skyrun.controller.RunnerController [http-nio-8080-exec-6] Init addRunner
2021-05-15 21:53:21,126 INFO com.sanvalero.skyrun.controller.RunnerController [http-nio-8080-exec-6] End addRunner
2021-05-15 21:53:35,635 INFO com.sanvalero.skyrun.controller.RunnerController [http-nio-8080-exec-9] Init addRunner
2021-05-15 21:53:35,651 INFO com.sanvalero.skyrun.controller.RunnerController [http-nio-8080-exec-9] End addRunner
2021-05-15 21:54:26,710 INFO com.sanvalero.skyrun.controller.RunnerController [http-nio-8080-exec-10] Init getRunners
2021-05-15 21:54:26,801 INFO com.sanvalero.skyrun.controller.RunnerController [http-nio-8080-exec-10] End getRunners
2021-05-15 21:54:38,308 INFO com.sanvalero.skyrun.controller.RunnerController [http-nio-8080-exec-1] Init getRunnerById
2021-05-15 21:54:38,312 INFO com.sanvalero.skyrun.controller.RunnerController [http-nio-8080-exec-1] End getRunnerById
2021-05-15 21:55:11,897 INFO com.sanvalero.skyrun.controller.RunnerController [http-nio-8080-exec-2] Init modifyRunner
2021-05-15 21:55:11,938 INFO com.sanvalero.skyrun.controller.RunnerController [http-nio-8080-exec-2] End modifyRunner
2021-05-15 21:56:02,689 INFO com.sanvalero.skyrun.controller.RunnerController [http-nio-8080-exec-3] Init modifyRunnerByFederated
2021-05-15 21:56:02,696 INFO com.sanvalero.skyrun.controller.RunnerController [http-nio-8080-exec-3] End modifyRunnerByFederated
2021-05-15 21:56:30,975 INFO com.sanvalero.skyrun.controller.RunnerController [http-nio-8080-exec-4] Init deleteRunner
2021-05-15 21:56:30,987 INFO com.sanvalero.skyrun.controller.RunnerController [http-nio-8080-exec-4] End deleteRunner
2021-05-15 21:57:11,680 WARN org.springframework.web.servlet.handler.AbstractHandlerExceptionResolver [http-nio-8080-exec-5] Resolved [org.springframework.web.HttpRequestMethodNotSupportedException: Request method 'DELETE' not supported]
2021-05-15 21:57:20,192 INFO com.sanvalero.skyrun.controller.RaceController [http-nio-8080-exec-8] Init getRaces
2021-05-15 21:57:20,199 INFO com.sanvalero.skyrun.controller.RaceController [http-nio-8080-exec-8] End getRaces
2021-05-15 21:57:52,024 INFO com.sanvalero.skyrun.controller.RaceController [http-nio-8080-exec-7] Init getRaceById
2021-05-15 21:57:52,027 INFO com.sanvalero.skyrun.controller.RaceController [http-nio-8080-exec-7] End getRaceById
2021-05-15 21:59:11,545 INFO com.sanvalero.skyrun.controller.RaceController [http-nio-8080-exec-10] Init addRace
2021-05-15 21:59:11,557 INFO com.sanvalero.skyrun.controller.RaceController [http-nio-8080-exec-10] End addRace
2021-05-15 21:59:39,921 INFO com.sanvalero.skyrun.controller.LocationController [http-nio-8080-exec-1] Init getLocations
2021-05-15 21:59:39,925 INFO com.sanvalero.skyrun.controller.LocationController [http-nio-8080-exec-1] End getLocations
2021-05-15 22:00:41,728 INFO com.sanvalero.skyrun.controller.RaceController [http-nio-8080-exec-4] Init modifyRace
2021-05-15 22:00:41,732 INFO com.sanvalero.skyrun.controller.RaceController [http-nio-8080-exec-4] End modifyRace
2021-05-15 22:00:59,345 INFO com.sanvalero.skyrun.controller.RaceController [http-nio-8080-exec-5] Init deleteRace
2021-05-15 22:00:59,351 INFO com.sanvalero.skyrun.controller.RaceController [http-nio-8080-exec-5] End deleteRace
2021-05-15 22:01:26,592 INFO com.sanvalero.skyrun.controller.LocationController [http-nio-8080-exec-8] Init getLocations
2021-05-15 22:01:26,595 INFO com.sanvalero.skyrun.controller.LocationController [http-nio-8080-exec-8] End getLocations
2021-05-15 22:01:35,474 INFO com.sanvalero.skyrun.controller.LocationController [http-nio-8080-exec-7] Init getLocations
2021-05-15 22:01:35,477 INFO com.sanvalero.skyrun.controller.LocationController [http-nio-8080-exec-7] End getLocationById
2021-05-15 22:03:54,963 INFO com.sanvalero.skyrun.controller.LocationController [http-nio-8080-exec-10] Init findRacesByDistanceAndHeight
2021-05-15 22:03:54,967 INFO com.sanvalero.skyrun.controller.LocationController [http-nio-8080-exec-10] End findRacesByDistanceAndHeight
2021-05-15 22:04:08,231 INFO com.sanvalero.skyrun.controller.LocationController [http-nio-8080-exec-1] Init findRacesByDistanceAndHeight
2021-05-15 22:04:08,235 INFO com.sanvalero.skyrun.controller.LocationController [http-nio-8080-exec-1] End findRacesByDistanceAndHeight
2021-05-15 22:04:20,176 INFO com.sanvalero.skyrun.controller.LocationController [http-nio-8080-exec-2] Init findRacesByDistanceAndHeight
2021-05-15 22:04:20,179 INFO com.sanvalero.skyrun.controller.LocationController [http-nio-8080-exec-2] End findRacesByDistanceAndHeight
2021-05-15 22:06:20,040 INFO com.sanvalero.skyrun.controller.LocationController [http-nio-8080-exec-5] Init addLocation
2021-05-15 22:06:20,045 INFO com.sanvalero.skyrun.controller.LocationController [http-nio-8080-exec-5] End addLocation
2021-05-15 22:06:50,481 INFO com.sanvalero.skyrun.controller.LocationController [http-nio-8080-exec-8] Init getLocations
2021-05-15 22:06:50,485 INFO com.sanvalero.skyrun.controller.LocationController [http-nio-8080-exec-8] End getLocations
2021-05-15 22:07:08,347 INFO com.sanvalero.skyrun.controller.LocationController [http-nio-8080-exec-7] Init getLocations
2021-05-15 22:07:08,350 INFO com.sanvalero.skyrun.controller.LocationController [http-nio-8080-exec-7] End getLocationById
2021-05-15 22:07:14,479 INFO com.sanvalero.skyrun.controller.LocationController [http-nio-8080-exec-6] Init getLocations
2021-05-15 22:07:14,485 ERROR com.sanvalero.skyrun.controller.LocationController [http-nio-8080-exec-6] Location not found: 14
com.sanvalero.skyrun.exception.LocationNotFoundException: Location not found: 14
	at com.sanvalero.skyrun.controller.LocationController.lambda$getLocationById$0(LocationController.java:74)
	at java.base/java.util.Optional.orElseThrow(Optional.java:408)
	at com.sanvalero.skyrun.controller.LocationController.getLocationById(LocationController.java:74)
	at java.base/jdk.internal.reflect.NativeMethodAccessorImpl.invoke0(Native Method)
	at java.base/jdk.internal.reflect.NativeMethodAccessorImpl.invoke(NativeMethodAccessorImpl.java:62)
	at java.base/jdk.internal.reflect.DelegatingMethodAccessorImpl.invoke(DelegatingMethodAccessorImpl.java:43)
	at java.base/java.lang.reflect.Method.invoke(Method.java:566)
	at org.springframework.web.method.support.InvocableHandlerMethod.doInvoke(InvocableHandlerMethod.java:197)
	at org.springframework.web.method.support.InvocableHandlerMethod.invokeForRequest(InvocableHandlerMethod.java:141)
	at org.springframework.web.servlet.mvc.method.annotation.ServletInvocableHandlerMethod.invokeAndHandle(ServletInvocableHandlerMethod.java:106)
	at org.springframework.web.servlet.mvc.method.annotation.RequestMappingHandlerAdapter.invokeHandlerMethod(RequestMappingHandlerAdapter.java:894)
	at org.springframework.web.servlet.mvc.method.annotation.RequestMappingHandlerAdapter.handleInternal(RequestMappingHandlerAdapter.java:808)
	at org.springframework.web.servlet.mvc.method.AbstractHandlerMethodAdapter.handle(AbstractHandlerMethodAdapter.java:87)
	at org.springframework.web.servlet.DispatcherServlet.doDispatch(DispatcherServlet.java:1060)
	at org.springframework.web.servlet.DispatcherServlet.doService(DispatcherServlet.java:962)
	at org.springframework.web.servlet.FrameworkServlet.processRequest(FrameworkServlet.java:1006)
	at org.springframework.web.servlet.FrameworkServlet.doGet(FrameworkServlet.java:898)
	at javax.servlet.http.HttpServlet.service(HttpServlet.java:626)
	at org.springframework.web.servlet.FrameworkServlet.service(FrameworkServlet.java:883)
	at javax.servlet.http.HttpServlet.service(HttpServlet.java:733)
	at org.apache.catalina.core.ApplicationFilterChain.internalDoFilter(ApplicationFilterChain.java:227)
	at org.apache.catalina.core.ApplicationFilterChain.doFilter(ApplicationFilterChain.java:162)
	at org.apache.tomcat.websocket.server.WsFilter.doFilter(WsFilter.java:53)
	at org.apache.catalina.core.ApplicationFilterChain.internalDoFilter(ApplicationFilterChain.java:189)
	at org.apache.catalina.core.ApplicationFilterChain.doFilter(ApplicationFilterChain.java:162)
	at org.springframework.web.servlet.resource.ResourceUrlEncodingFilter.doFilter(ResourceUrlEncodingFilter.java:67)
	at org.apache.catalina.core.ApplicationFilterChain.internalDoFilter(ApplicationFilterChain.java:189)
	at org.apache.catalina.core.ApplicationFilterChain.doFilter(ApplicationFilterChain.java:162)
	at org.springframework.web.filter.RequestContextFilter.doFilterInternal(RequestContextFilter.java:100)
	at org.springframework.web.filter.OncePerRequestFilter.doFilter(OncePerRequestFilter.java:119)
	at org.apache.catalina.core.ApplicationFilterChain.internalDoFilter(ApplicationFilterChain.java:189)
	at org.apache.catalina.core.ApplicationFilterChain.doFilter(ApplicationFilterChain.java:162)
	at org.springframework.web.filter.FormContentFilter.doFilterInternal(FormContentFilter.java:93)
	at org.springframework.web.filter.OncePerRequestFilter.doFilter(OncePerRequestFilter.java:119)
	at org.apache.catalina.core.ApplicationFilterChain.internalDoFilter(ApplicationFilterChain.java:189)
	at org.apache.catalina.core.ApplicationFilterChain.doFilter(ApplicationFilterChain.java:162)
	at org.springframework.web.filter.CharacterEncodingFilter.doFilterInternal(CharacterEncodingFilter.java:201)
	at org.springframework.web.filter.OncePerRequestFilter.doFilter(OncePerRequestFilter.java:119)
	at org.apache.catalina.core.ApplicationFilterChain.internalDoFilter(ApplicationFilterChain.java:189)
	at org.apache.catalina.core.ApplicationFilterChain.doFilter(ApplicationFilterChain.java:162)
	at org.apache.catalina.core.StandardWrapperValve.invoke(StandardWrapperValve.java:202)
	at org.apache.catalina.core.StandardContextValve.invoke(StandardContextValve.java:97)
	at org.apache.catalina.authenticator.AuthenticatorBase.invoke(AuthenticatorBase.java:542)
	at org.apache.catalina.core.StandardHostValve.invoke(StandardHostValve.java:143)
	at org.apache.catalina.valves.ErrorReportValve.invoke(ErrorReportValve.java:92)
	at org.apache.catalina.core.StandardEngineValve.invoke(StandardEngineValve.java:78)
	at org.apache.catalina.connector.CoyoteAdapter.service(CoyoteAdapter.java:357)
	at org.apache.coyote.http11.Http11Processor.service(Http11Processor.java:374)
	at org.apache.coyote.AbstractProcessorLight.process(AbstractProcessorLight.java:65)
	at org.apache.coyote.AbstractProtocol$ConnectionHandler.process(AbstractProtocol.java:893)
	at org.apache.tomcat.util.net.NioEndpoint$SocketProcessor.doRun(NioEndpoint.java:1707)
	at org.apache.tomcat.util.net.SocketProcessorBase.run(SocketProcessorBase.java:49)
	at java.base/java.util.concurrent.ThreadPoolExecutor.runWorker(ThreadPoolExecutor.java:1128)
	at java.base/java.util.concurrent.ThreadPoolExecutor$Worker.run(ThreadPoolExecutor.java:628)
	at org.apache.tomcat.util.threads.TaskThread$WrappingRunnable.run(TaskThread.java:61)
	at java.base/java.lang.Thread.run(Thread.java:834)
2021-05-15 22:07:19,651 INFO com.sanvalero.skyrun.controller.LocationController [http-nio-8080-exec-9] Init getLocations
2021-05-15 22:07:19,653 INFO com.sanvalero.skyrun.controller.LocationController [http-nio-8080-exec-9] End getLocationById
2021-05-15 22:08:08,093 INFO com.sanvalero.skyrun.controller.LocationController [http-nio-8080-exec-10] Init modifyLocation
2021-05-15 22:08:08,098 INFO com.sanvalero.skyrun.controller.LocationController [http-nio-8080-exec-10] End modifyLocation
2021-05-15 22:08:21,051 INFO com.sanvalero.skyrun.controller.LocationController [http-nio-8080-exec-1] Init deleteLocation
2021-05-15 22:08:21,057 INFO com.sanvalero.skyrun.controller.LocationController [http-nio-8080-exec-1] End deleteLocation
2021-05-15 22:08:45,430 INFO com.sanvalero.skyrun.controller.LocationController [http-nio-8080-exec-2] Init getLocations
2021-05-15 22:08:45,433 INFO com.sanvalero.skyrun.controller.LocationController [http-nio-8080-exec-2] End getLocations
