2021-06-27 20:15:35,032 INFO org.hibernate.validator.internal.util.Version [background-preinit] HV000001: Hibernate Validator 6.1.7.Final
2021-06-27 20:15:35,045 INFO org.springframework.boot.StartupInfoLogger [main] Starting SkyRunApplication using Java 11.0.8 on DESKTOP-SPU9LGP with PID 12456 (C:\Users\shady\Documents\Proyectos_IntelliJ\SkyRun\target\classes started by shady in C:\Users\shady\Documents\Proyectos_IntelliJ\SkyRun)
2021-06-27 20:15:35,046 INFO org.springframework.boot.SpringApplication [main] No active profile set, falling back to default profiles: default
2021-06-27 20:15:35,702 INFO org.springframework.data.repository.config.RepositoryConfigurationDelegate [main] Bootstrapping Spring Data JPA repositories in DEFAULT mode.
2021-06-27 20:15:35,778 INFO org.springframework.data.repository.config.RepositoryConfigurationDelegate [main] Finished Spring Data repository scanning in 65 ms. Found 3 JPA repository interfaces.
2021-06-27 20:15:35,949 INFO org.springframework.cloud.context.scope.GenericScope [main] BeanFactory id=a7d722f1-a17b-3b81-adef-51dc58cb167c
2021-06-27 20:15:36,434 INFO org.springframework.boot.web.embedded.tomcat.TomcatWebServer [main] Tomcat initialized with port(s): 8080 (http)
2021-06-27 20:15:36,445 INFO org.apache.juli.logging.DirectJDKLog [main] Initializing ProtocolHandler ["http-nio-8080"]
2021-06-27 20:15:36,445 INFO org.apache.juli.logging.DirectJDKLog [main] Starting service [Tomcat]
2021-06-27 20:15:36,446 INFO org.apache.juli.logging.DirectJDKLog [main] Starting Servlet engine: [Apache Tomcat/9.0.45]
2021-06-27 20:15:36,575 INFO org.apache.juli.logging.DirectJDKLog [main] Initializing Spring embedded WebApplicationContext
2021-06-27 20:15:36,575 INFO org.springframework.boot.web.servlet.context.ServletWebServerApplicationContext [main] Root WebApplicationContext: initialization completed in 1500 ms
2021-06-27 20:15:36,702 INFO org.hibernate.jpa.internal.util.LogHelper [main] HHH000204: Processing PersistenceUnitInfo [name: default]
2021-06-27 20:15:36,747 INFO org.hibernate.Version [main] HHH000412: Hibernate ORM core version 5.4.30.Final
2021-06-27 20:15:36,831 INFO org.hibernate.annotations.common.reflection.java.JavaReflectionManager [main] HCANN000001: Hibernate Commons Annotations {5.1.2.Final}
2021-06-27 20:15:36,945 INFO com.zaxxer.hikari.HikariDataSource [main] HikariPool-1 - Starting...
2021-06-27 20:15:37,070 INFO com.zaxxer.hikari.HikariDataSource [main] HikariPool-1 - Start completed.
2021-06-27 20:15:37,085 INFO org.hibernate.dialect.Dialect [main] HHH000400: Using dialect: org.hibernate.dialect.MySQL55Dialect
2021-06-27 20:15:37,695 INFO org.hibernate.engine.transaction.jta.platform.internal.JtaPlatformInitiator [main] HHH000490: Using JtaPlatform implementation: [org.hibernate.engine.transaction.jta.platform.internal.NoJtaPlatform]
2021-06-27 20:15:37,699 INFO org.springframework.orm.jpa.AbstractEntityManagerFactoryBean [main] Initialized JPA EntityManagerFactory for persistence unit 'default'
2021-06-27 20:15:38,033 WARN org.springframework.boot.autoconfigure.orm.jpa.JpaBaseConfiguration$JpaWebConfiguration [main] spring.jpa.open-in-view is enabled by default. Therefore, database queries may be performed during view rendering. Explicitly configure spring.jpa.open-in-view to disable this warning
2021-06-27 20:15:38,084 INFO org.springframework.scheduling.concurrent.ExecutorConfigurationSupport [main] Initializing ExecutorService 'applicationTaskExecutor'
2021-06-27 20:15:38,545 WARN org.springframework.boot.autoconfigure.thymeleaf.ThymeleafAutoConfiguration$DefaultTemplateResolverConfiguration [main] Cannot find template location: classpath:/templates/ (please add some templates or check your Thymeleaf configuration)
2021-06-27 20:15:38,816 INFO org.springframework.cloud.netflix.eureka.config.DiscoveryClientOptionalArgsConfiguration [main] Eureka HTTP Client uses RestTemplate.
2021-06-27 20:15:38,992 WARN org.springframework.cloud.loadbalancer.config.LoadBalancerCacheAutoConfiguration$LoadBalancerCaffeineWarnLogger [main] Spring Cloud LoadBalancer is currently working with the default cache. You can switch to using Caffeine cache, by adding it and org.springframework.cache.caffeine.CaffeineCacheManager to the classpath.
2021-06-27 20:15:39,018 INFO org.springframework.cloud.netflix.eureka.InstanceInfoFactory [main] Setting initial instance status as: STARTING
2021-06-27 20:15:39,079 INFO com.netflix.discovery.DiscoveryClient [main] Initializing Eureka in region us-east-1
2021-06-27 20:15:39,081 INFO com.netflix.discovery.shared.resolver.aws.ConfigClusterResolver [main] Resolving eureka endpoints via configuration
2021-06-27 20:15:39,093 INFO com.netflix.discovery.DiscoveryClient [main] Disable delta property : false
2021-06-27 20:15:39,093 INFO com.netflix.discovery.DiscoveryClient [main] Single vip registry refresh property : null
2021-06-27 20:15:39,093 INFO com.netflix.discovery.DiscoveryClient [main] Force full registry fetch : false
2021-06-27 20:15:39,098 INFO com.netflix.discovery.DiscoveryClient [main] Application is null : false
2021-06-27 20:15:39,098 INFO com.netflix.discovery.DiscoveryClient [main] Registered Applications size is zero : true
2021-06-27 20:15:39,098 INFO com.netflix.discovery.DiscoveryClient [main] Application version is -1: true
2021-06-27 20:15:39,098 INFO com.netflix.discovery.DiscoveryClient [main] Getting all instance registry info from the eureka server
2021-06-27 20:15:39,343 INFO com.netflix.discovery.DiscoveryClient [main] The response status is 200
2021-06-27 20:15:39,346 INFO com.netflix.discovery.DiscoveryClient [main] Starting heartbeat executor: renew interval is: 30
2021-06-27 20:15:39,349 INFO com.netflix.discovery.InstanceInfoReplicator [main] InstanceInfoReplicator onDemand update allowed rate per min is 4
2021-06-27 20:15:39,352 INFO com.netflix.discovery.DiscoveryClient [main] Discovery Client initialized at timestamp 1624817739351 with initial instances count: 1
2021-06-27 20:15:39,355 INFO org.springframework.cloud.netflix.eureka.serviceregistry.EurekaServiceRegistry [main] Registering application SKYRUN-SERVICE with eureka with status UP
2021-06-27 20:15:39,356 INFO com.netflix.discovery.DiscoveryClient$3 [main] Saw local status change event StatusChangeEvent [timestamp=1624817739356, current=UP, previous=STARTING]
2021-06-27 20:15:39,358 INFO org.apache.juli.logging.DirectJDKLog [main] Starting ProtocolHandler ["http-nio-8080"]
2021-06-27 20:15:39,358 INFO com.netflix.discovery.DiscoveryClient [DiscoveryClient-InstanceInfoReplicator-0] DiscoveryClient_SKYRUN-SERVICE/192.168.1.142:skyrun-service:8080: registering service...
2021-06-27 20:15:39,381 INFO org.springframework.boot.web.embedded.tomcat.TomcatWebServer [main] Tomcat started on port(s): 8080 (http) with context path ''
2021-06-27 20:15:39,381 INFO org.springframework.cloud.netflix.eureka.serviceregistry.EurekaAutoServiceRegistration [main] Updating port to 8080
2021-06-27 20:15:39,396 INFO com.netflix.discovery.DiscoveryClient [DiscoveryClient-InstanceInfoReplicator-0] DiscoveryClient_SKYRUN-SERVICE/192.168.1.142:skyrun-service:8080 - registration status: 204
2021-06-27 20:15:39,509 INFO org.springframework.boot.StartupInfoLogger [main] Started SkyRunApplication in 5.094 seconds (JVM running for 5.514)
2021-06-27 20:20:39,107 INFO com.netflix.discovery.shared.resolver.aws.ConfigClusterResolver [AsyncResolver-bootstrap-executor-0] Resolving eureka endpoints via configuration
2021-06-27 20:24:05,689 INFO org.apache.juli.logging.DirectJDKLog [http-nio-8080-exec-1] Initializing Spring DispatcherServlet 'dispatcherServlet'
2021-06-27 20:24:05,689 INFO org.springframework.web.servlet.FrameworkServlet [http-nio-8080-exec-1] Initializing Servlet 'dispatcherServlet'
2021-06-27 20:24:05,691 INFO org.springframework.web.servlet.FrameworkServlet [http-nio-8080-exec-1] Completed initialization in 2 ms
2021-06-27 20:24:05,739 INFO com.sanvalero.skyrun.controller.RunnerController [http-nio-8080-exec-1] Init addRunner
2021-06-27 20:24:05,892 INFO com.sanvalero.skyrun.controller.RunnerController [http-nio-8080-exec-1] End addRunner
2021-06-27 20:24:05,918 INFO com.sanvalero.skyrun.controller.RunnerController [http-nio-8080-exec-2] Init getRunners
2021-06-27 20:24:06,035 INFO com.sanvalero.skyrun.controller.RunnerController [http-nio-8080-exec-2] End getRunners
2021-06-27 20:25:10,950 INFO com.sanvalero.skyrun.controller.RunnerController [http-nio-8080-exec-4] Init getRunners
2021-06-27 20:25:10,959 INFO com.sanvalero.skyrun.controller.RunnerController [http-nio-8080-exec-4] End getRunners
2021-06-27 20:25:35,537 INFO com.sanvalero.skyrun.controller.RunnerController [http-nio-8080-exec-5] Init getRunners
2021-06-27 20:25:35,546 INFO com.sanvalero.skyrun.controller.RunnerController [http-nio-8080-exec-5] End getRunners
2021-06-27 20:25:39,117 INFO com.netflix.discovery.shared.resolver.aws.ConfigClusterResolver [AsyncResolver-bootstrap-executor-0] Resolving eureka endpoints via configuration
