2021-05-17 22:47:35,412 INFO org.springframework.boot.StartupInfoLogger [main] Starting SkyRunApplication using Java 11.0.8 on DESKTOP-SPU9LGP with PID 1564 (C:\Users\shady\Documents\Proyectos_IntelliJ\SkyRun\target\classes started by shady in C:\Users\shady\Documents\Proyectos_IntelliJ\SkyRun)
2021-05-17 22:47:35,415 INFO org.springframework.boot.SpringApplication [main] No active profile set, falling back to default profiles: default
2021-05-17 22:47:35,995 INFO org.springframework.data.repository.config.RepositoryConfigurationDelegate [main] Bootstrapping Spring Data JPA repositories in DEFAULT mode.
2021-05-17 22:47:36,043 INFO org.springframework.data.repository.config.RepositoryConfigurationDelegate [main] Finished Spring Data repository scanning in 41 ms. Found 3 JPA repository interfaces.
2021-05-17 22:47:36,480 INFO org.springframework.boot.web.embedded.tomcat.TomcatWebServer [main] Tomcat initialized with port(s): 8080 (http)
2021-05-17 22:47:36,488 INFO org.apache.juli.logging.DirectJDKLog [main] Initializing ProtocolHandler ["http-nio-8080"]
2021-05-17 22:47:36,489 INFO org.apache.juli.logging.DirectJDKLog [main] Starting service [Tomcat]
2021-05-17 22:47:36,489 INFO org.apache.juli.logging.DirectJDKLog [main] Starting Servlet engine: [Apache Tomcat/9.0.45]
2021-05-17 22:47:36,571 INFO org.apache.juli.logging.DirectJDKLog [main] Initializing Spring embedded WebApplicationContext
2021-05-17 22:47:36,572 INFO org.springframework.boot.web.servlet.context.ServletWebServerApplicationContext [main] Root WebApplicationContext: initialization completed in 1125 ms
2021-05-17 22:47:36,687 INFO org.hibernate.jpa.internal.util.LogHelper [main] HHH000204: Processing PersistenceUnitInfo [name: default]
2021-05-17 22:47:36,730 INFO org.hibernate.Version [main] HHH000412: Hibernate ORM core version 5.4.30.Final
2021-05-17 22:47:36,809 INFO org.hibernate.annotations.common.reflection.java.JavaReflectionManager [main] HCANN000001: Hibernate Commons Annotations {5.1.2.Final}
2021-05-17 22:47:36,869 INFO com.zaxxer.hikari.HikariDataSource [main] HikariPool-1 - Starting...
2021-05-17 22:47:36,977 INFO com.zaxxer.hikari.HikariDataSource [main] HikariPool-1 - Start completed.
2021-05-17 22:47:36,989 INFO org.hibernate.dialect.Dialect [main] HHH000400: Using dialect: org.hibernate.dialect.MySQL55Dialect
2021-05-17 22:47:37,439 INFO org.hibernate.engine.transaction.jta.platform.internal.JtaPlatformInitiator [main] HHH000490: Using JtaPlatform implementation: [org.hibernate.engine.transaction.jta.platform.internal.NoJtaPlatform]
2021-05-17 22:47:37,445 INFO org.springframework.orm.jpa.AbstractEntityManagerFactoryBean [main] Initialized JPA EntityManagerFactory for persistence unit 'default'
2021-05-17 22:47:37,693 WARN org.springframework.boot.autoconfigure.orm.jpa.JpaBaseConfiguration$JpaWebConfiguration [main] spring.jpa.open-in-view is enabled by default. Therefore, database queries may be performed during view rendering. Explicitly configure spring.jpa.open-in-view to disable this warning
2021-05-17 22:47:37,738 INFO org.springframework.scheduling.concurrent.ExecutorConfigurationSupport [main] Initializing ExecutorService 'applicationTaskExecutor'
2021-05-17 22:47:38,020 WARN org.springframework.boot.autoconfigure.thymeleaf.ThymeleafAutoConfiguration$DefaultTemplateResolverConfiguration [main] Cannot find template location: classpath:/templates/ (please add some templates or check your Thymeleaf configuration)
2021-05-17 22:47:38,125 INFO org.apache.juli.logging.DirectJDKLog [main] Starting ProtocolHandler ["http-nio-8080"]
2021-05-17 22:47:38,138 INFO org.springframework.boot.web.embedded.tomcat.TomcatWebServer [main] Tomcat started on port(s): 8080 (http) with context path ''
2021-05-17 22:47:38,145 INFO org.springframework.boot.StartupInfoLogger [main] Started SkyRunApplication in 3.069 seconds (JVM running for 3.381)
2021-05-17 22:49:06,099 INFO org.apache.juli.logging.DirectJDKLog [http-nio-8080-exec-1] Initializing Spring DispatcherServlet 'dispatcherServlet'
2021-05-17 22:49:06,101 INFO org.springframework.web.servlet.FrameworkServlet [http-nio-8080-exec-1] Initializing Servlet 'dispatcherServlet'
2021-05-17 22:49:06,103 INFO org.springframework.web.servlet.FrameworkServlet [http-nio-8080-exec-1] Completed initialization in 1 ms
2021-05-17 22:49:06,129 INFO com.sanvalero.skyrun.controller.LocationController [http-nio-8080-exec-1] Init getLocations
2021-05-17 22:49:06,242 INFO com.sanvalero.skyrun.controller.LocationController [http-nio-8080-exec-1] End getLocations
2021-05-17 22:49:29,196 INFO com.sanvalero.skyrun.controller.LocationController [http-nio-8080-exec-3] Init getLocations
2021-05-17 22:49:29,200 INFO com.sanvalero.skyrun.controller.LocationController [http-nio-8080-exec-3] End getLocationById
2021-05-17 22:52:44,734 INFO com.sanvalero.skyrun.controller.LocationController [http-nio-8080-exec-6] Init findRacesByDistanceAndHeight
2021-05-17 22:52:44,740 INFO com.sanvalero.skyrun.controller.LocationController [http-nio-8080-exec-6] End findRacesByDistanceAndHeight
2021-05-17 22:53:14,755 INFO com.sanvalero.skyrun.controller.LocationController [http-nio-8080-exec-7] Init findRacesByDistanceAndHeight
2021-05-17 22:53:14,758 INFO com.sanvalero.skyrun.controller.LocationController [http-nio-8080-exec-7] End findRacesByDistanceAndHeight
2021-05-17 22:54:55,924 INFO com.sanvalero.skyrun.controller.LocationController [http-nio-8080-exec-10] Init addLocation
2021-05-17 22:54:55,947 INFO com.sanvalero.skyrun.controller.LocationController [http-nio-8080-exec-10] End addLocation
2021-05-17 22:55:32,856 INFO com.sanvalero.skyrun.controller.LocationController [http-nio-8080-exec-2] Init modifyLocation
2021-05-17 22:55:32,868 INFO com.sanvalero.skyrun.controller.LocationController [http-nio-8080-exec-2] End modifyLocation
2021-05-17 22:55:51,800 INFO com.sanvalero.skyrun.controller.LocationController [http-nio-8080-exec-1] Init deleteLocation
2021-05-17 22:55:51,814 INFO com.sanvalero.skyrun.controller.LocationController [http-nio-8080-exec-1] End deleteLocation
2021-05-17 22:56:55,543 INFO org.springdoc.api.AbstractOpenApiResource [http-nio-8080-exec-6] Init duration for springdoc-openapi is: 287 ms
2021-05-17 22:58:24,969 INFO com.sanvalero.skyrun.controller.RaceController [http-nio-8080-exec-10] Init addRace
2021-05-17 22:58:25,000 INFO com.sanvalero.skyrun.controller.RaceController [http-nio-8080-exec-10] End addRace
2021-05-17 22:59:16,672 INFO com.sanvalero.skyrun.controller.RaceController [http-nio-8080-exec-2] Init addRace
2021-05-17 22:59:16,681 INFO com.sanvalero.skyrun.controller.RaceController [http-nio-8080-exec-2] End addRace
2021-05-17 22:59:38,286 INFO com.sanvalero.skyrun.controller.RaceController [http-nio-8080-exec-1] Init getRaces
2021-05-17 22:59:38,295 INFO com.sanvalero.skyrun.controller.RaceController [http-nio-8080-exec-1] End getRaces
2021-05-17 22:59:54,736 INFO com.sanvalero.skyrun.controller.RaceController [http-nio-8080-exec-3] Init getRaceById
2021-05-17 22:59:54,744 ERROR com.sanvalero.skyrun.controller.RaceController [http-nio-8080-exec-3] Race not found: 5
com.sanvalero.skyrun.exception.RaceNotFoundException: Race not found: 5
	at com.sanvalero.skyrun.controller.RaceController.lambda$getRaceById$0(RaceController.java:73)
	at java.base/java.util.Optional.orElseThrow(Optional.java:408)
	at com.sanvalero.skyrun.controller.RaceController.getRaceById(RaceController.java:73)
	at java.base/jdk.internal.reflect.NativeMethodAccessorImpl.invoke0(Native Method)
	at java.base/jdk.internal.reflect.NativeMethodAccessorImpl.invoke(NativeMethodAccessorImpl.java:62)
	at java.base/jdk.internal.reflect.DelegatingMethodAccessorImpl.invoke(DelegatingMethodAccessorImpl.java:43)
	at java.base/java.lang.reflect.Method.invoke(Method.java:566)
	at org.springframework.web.method.support.InvocableHandlerMethod.doInvoke(InvocableHandlerMethod.java:197)
	at org.springframework.web.method.support.InvocableHandlerMethod.invokeForRequest(InvocableHandlerMethod.java:141)
	at org.springframework.web.servlet.mvc.method.annotation.ServletInvocableHandlerMethod.invokeAndHandle(ServletInvocableHandlerMethod.java:106)
	at org.springframework.web.servlet.mvc.method.annotation.RequestMappingHandlerAdapter.invokeHandlerMethod(RequestMappingHandlerAdapter.java:894)
	at org.springframework.web.servlet.mvc.method.annotation.RequestMappingHandlerAdapter.handleInternal(RequestMappingHandlerAdapter.java:808)
	at org.springframework.web.servlet.mvc.method.AbstractHandlerMethodAdapter.handle(AbstractHandlerMethodAdapter.java:87)
	at org.springframework.web.servlet.DispatcherServlet.doDispatch(DispatcherServlet.java:1060)
	at org.springframework.web.servlet.DispatcherServlet.doService(DispatcherServlet.java:962)
	at org.springframework.web.servlet.FrameworkServlet.processRequest(FrameworkServlet.java:1006)
	at org.springframework.web.servlet.FrameworkServlet.doGet(FrameworkServlet.java:898)
	at javax.servlet.http.HttpServlet.service(HttpServlet.java:626)
	at org.springframework.web.servlet.FrameworkServlet.service(FrameworkServlet.java:883)
	at javax.servlet.http.HttpServlet.service(HttpServlet.java:733)
	at org.apache.catalina.core.ApplicationFilterChain.internalDoFilter(ApplicationFilterChain.java:227)
	at org.apache.catalina.core.ApplicationFilterChain.doFilter(ApplicationFilterChain.java:162)
	at org.apache.tomcat.websocket.server.WsFilter.doFilter(WsFilter.java:53)
	at org.apache.catalina.core.ApplicationFilterChain.internalDoFilter(ApplicationFilterChain.java:189)
	at org.apache.catalina.core.ApplicationFilterChain.doFilter(ApplicationFilterChain.java:162)
	at org.springframework.web.servlet.resource.ResourceUrlEncodingFilter.doFilter(ResourceUrlEncodingFilter.java:67)
	at org.apache.catalina.core.ApplicationFilterChain.internalDoFilter(ApplicationFilterChain.java:189)
	at org.apache.catalina.core.ApplicationFilterChain.doFilter(ApplicationFilterChain.java:162)
	at org.springframework.web.filter.RequestContextFilter.doFilterInternal(RequestContextFilter.java:100)
	at org.springframework.web.filter.OncePerRequestFilter.doFilter(OncePerRequestFilter.java:119)
	at org.apache.catalina.core.ApplicationFilterChain.internalDoFilter(ApplicationFilterChain.java:189)
	at org.apache.catalina.core.ApplicationFilterChain.doFilter(ApplicationFilterChain.java:162)
	at org.springframework.web.filter.FormContentFilter.doFilterInternal(FormContentFilter.java:93)
	at org.springframework.web.filter.OncePerRequestFilter.doFilter(OncePerRequestFilter.java:119)
	at org.apache.catalina.core.ApplicationFilterChain.internalDoFilter(ApplicationFilterChain.java:189)
	at org.apache.catalina.core.ApplicationFilterChain.doFilter(ApplicationFilterChain.java:162)
	at org.springframework.web.filter.CharacterEncodingFilter.doFilterInternal(CharacterEncodingFilter.java:201)
	at org.springframework.web.filter.OncePerRequestFilter.doFilter(OncePerRequestFilter.java:119)
	at org.apache.catalina.core.ApplicationFilterChain.internalDoFilter(ApplicationFilterChain.java:189)
	at org.apache.catalina.core.ApplicationFilterChain.doFilter(ApplicationFilterChain.java:162)
	at org.apache.catalina.core.StandardWrapperValve.invoke(StandardWrapperValve.java:202)
	at org.apache.catalina.core.StandardContextValve.invoke(StandardContextValve.java:97)
	at org.apache.catalina.authenticator.AuthenticatorBase.invoke(AuthenticatorBase.java:542)
	at org.apache.catalina.core.StandardHostValve.invoke(StandardHostValve.java:143)
	at org.apache.catalina.valves.ErrorReportValve.invoke(ErrorReportValve.java:92)
	at org.apache.catalina.core.StandardEngineValve.invoke(StandardEngineValve.java:78)
	at org.apache.catalina.connector.CoyoteAdapter.service(CoyoteAdapter.java:357)
	at org.apache.coyote.http11.Http11Processor.service(Http11Processor.java:374)
	at org.apache.coyote.AbstractProcessorLight.process(AbstractProcessorLight.java:65)
	at org.apache.coyote.AbstractProtocol$ConnectionHandler.process(AbstractProtocol.java:893)
	at org.apache.tomcat.util.net.NioEndpoint$SocketProcessor.doRun(NioEndpoint.java:1707)
	at org.apache.tomcat.util.net.SocketProcessorBase.run(SocketProcessorBase.java:49)
	at java.base/java.util.concurrent.ThreadPoolExecutor.runWorker(ThreadPoolExecutor.java:1128)
	at java.base/java.util.concurrent.ThreadPoolExecutor$Worker.run(ThreadPoolExecutor.java:628)
	at org.apache.tomcat.util.threads.TaskThread$WrappingRunnable.run(TaskThread.java:61)
	at java.base/java.lang.Thread.run(Thread.java:834)
2021-05-17 23:00:10,447 INFO com.sanvalero.skyrun.controller.RaceController [http-nio-8080-exec-4] Init getRaceById
2021-05-17 23:00:10,449 INFO com.sanvalero.skyrun.controller.RaceController [http-nio-8080-exec-4] End getRaceById
2021-05-17 23:00:46,816 INFO com.sanvalero.skyrun.controller.RaceController [http-nio-8080-exec-5] Init modifyRace
2021-05-17 23:00:46,821 INFO com.sanvalero.skyrun.controller.RaceController [http-nio-8080-exec-5] End modifyRace
2021-05-17 23:01:02,868 INFO com.sanvalero.skyrun.controller.RaceController [http-nio-8080-exec-6] Init deleteRace
2021-05-17 23:01:02,874 INFO com.sanvalero.skyrun.controller.RaceController [http-nio-8080-exec-6] End deleteRace
2021-05-17 23:03:13,537 INFO com.sanvalero.skyrun.controller.RunnerController [http-nio-8080-exec-9] Init addRunner
2021-05-17 23:03:13,547 INFO com.sanvalero.skyrun.controller.RunnerController [http-nio-8080-exec-9] End addRunner
2021-05-17 23:03:45,583 INFO com.sanvalero.skyrun.controller.RunnerController [http-nio-8080-exec-10] Init getRunners
2021-05-17 23:03:45,591 INFO com.sanvalero.skyrun.controller.RunnerController [http-nio-8080-exec-10] End getRunners
2021-05-17 23:04:01,688 INFO com.sanvalero.skyrun.controller.RunnerController [http-nio-8080-exec-2] Init getRunnerById
2021-05-17 23:04:01,692 INFO com.sanvalero.skyrun.controller.RunnerController [http-nio-8080-exec-2] End getRunnerById
2021-05-17 23:04:34,547 INFO com.sanvalero.skyrun.controller.RunnerController [http-nio-8080-exec-1] Init modifyRunner
2021-05-17 23:04:34,552 INFO com.sanvalero.skyrun.controller.RunnerController [http-nio-8080-exec-1] End modifyRunner
2021-05-17 23:06:13,679 WARN org.springframework.web.servlet.handler.AbstractHandlerExceptionResolver [http-nio-8080-exec-7] Resolved [org.springframework.web.HttpRequestMethodNotSupportedException: Request method 'PATCH' not supported]
2021-05-17 23:07:02,105 INFO com.sanvalero.skyrun.controller.RunnerController [http-nio-8080-exec-2] Init modifyRunnerByFederated
2021-05-17 23:07:02,109 INFO com.sanvalero.skyrun.controller.RunnerController [http-nio-8080-exec-2] End modifyRunnerByFederated
2021-05-17 23:07:22,656 INFO com.sanvalero.skyrun.controller.RunnerController [http-nio-8080-exec-1] Init deleteRunner
2021-05-17 23:07:22,661 INFO com.sanvalero.skyrun.controller.RunnerController [http-nio-8080-exec-1] End deleteRunner
