2021-05-18 12:42:08,060 INFO org.springframework.boot.StartupInfoLogger [main] Starting SkyRunApplication using Java 11.0.8 on DESKTOP-SPU9LGP with PID 7108 (C:\Users\shady\Documents\Proyectos_IntelliJ\SkyRun\target\classes started by shady in C:\Users\shady\Documents\Proyectos_IntelliJ\SkyRun)
2021-05-18 12:42:08,066 INFO org.springframework.boot.SpringApplication [main] No active profile set, falling back to default profiles: default
2021-05-18 12:42:08,786 INFO org.springframework.data.repository.config.RepositoryConfigurationDelegate [main] Bootstrapping Spring Data JPA repositories in DEFAULT mode.
2021-05-18 12:42:08,845 INFO org.springframework.data.repository.config.RepositoryConfigurationDelegate [main] Finished Spring Data repository scanning in 51 ms. Found 3 JPA repository interfaces.
2021-05-18 12:42:09,423 INFO org.springframework.boot.web.embedded.tomcat.TomcatWebServer [main] Tomcat initialized with port(s): 8080 (http)
2021-05-18 12:42:09,434 INFO org.apache.juli.logging.DirectJDKLog [main] Initializing ProtocolHandler ["http-nio-8080"]
2021-05-18 12:42:09,434 INFO org.apache.juli.logging.DirectJDKLog [main] Starting service [Tomcat]
2021-05-18 12:42:09,435 INFO org.apache.juli.logging.DirectJDKLog [main] Starting Servlet engine: [Apache Tomcat/9.0.45]
2021-05-18 12:42:09,549 INFO org.apache.juli.logging.DirectJDKLog [main] Initializing Spring embedded WebApplicationContext
2021-05-18 12:42:09,550 INFO org.springframework.boot.web.servlet.context.ServletWebServerApplicationContext [main] Root WebApplicationContext: initialization completed in 1440 ms
2021-05-18 12:42:09,716 INFO org.hibernate.jpa.internal.util.LogHelper [main] HHH000204: Processing PersistenceUnitInfo [name: default]
2021-05-18 12:42:09,769 INFO org.hibernate.Version [main] HHH000412: Hibernate ORM core version 5.4.30.Final
2021-05-18 12:42:09,869 INFO org.hibernate.annotations.common.reflection.java.JavaReflectionManager [main] HCANN000001: Hibernate Commons Annotations {5.1.2.Final}
2021-05-18 12:42:09,945 INFO com.zaxxer.hikari.HikariDataSource [main] HikariPool-1 - Starting...
2021-05-18 12:42:10,088 INFO com.zaxxer.hikari.HikariDataSource [main] HikariPool-1 - Start completed.
2021-05-18 12:42:10,103 INFO org.hibernate.dialect.Dialect [main] HHH000400: Using dialect: org.hibernate.dialect.MySQL55Dialect
2021-05-18 12:42:10,673 INFO org.hibernate.engine.transaction.jta.platform.internal.JtaPlatformInitiator [main] HHH000490: Using JtaPlatform implementation: [org.hibernate.engine.transaction.jta.platform.internal.NoJtaPlatform]
2021-05-18 12:42:10,683 INFO org.springframework.orm.jpa.AbstractEntityManagerFactoryBean [main] Initialized JPA EntityManagerFactory for persistence unit 'default'
2021-05-18 12:42:11,018 WARN org.springframework.boot.autoconfigure.orm.jpa.JpaBaseConfiguration$JpaWebConfiguration [main] spring.jpa.open-in-view is enabled by default. Therefore, database queries may be performed during view rendering. Explicitly configure spring.jpa.open-in-view to disable this warning
2021-05-18 12:42:11,075 INFO org.springframework.scheduling.concurrent.ExecutorConfigurationSupport [main] Initializing ExecutorService 'applicationTaskExecutor'
2021-05-18 12:42:11,489 WARN org.springframework.boot.autoconfigure.thymeleaf.ThymeleafAutoConfiguration$DefaultTemplateResolverConfiguration [main] Cannot find template location: classpath:/templates/ (please add some templates or check your Thymeleaf configuration)
2021-05-18 12:42:11,654 INFO org.apache.juli.logging.DirectJDKLog [main] Starting ProtocolHandler ["http-nio-8080"]
2021-05-18 12:42:11,675 INFO org.springframework.boot.web.embedded.tomcat.TomcatWebServer [main] Tomcat started on port(s): 8080 (http) with context path ''
2021-05-18 12:42:11,686 INFO org.springframework.boot.StartupInfoLogger [main] Started SkyRunApplication in 4.12 seconds (JVM running for 4.658)
2021-05-18 12:49:26,010 INFO org.apache.juli.logging.DirectJDKLog [http-nio-8080-exec-1] Initializing Spring DispatcherServlet 'dispatcherServlet'
2021-05-18 12:49:26,012 INFO org.springframework.web.servlet.FrameworkServlet [http-nio-8080-exec-1] Initializing Servlet 'dispatcherServlet'
2021-05-18 12:49:26,022 INFO org.springframework.web.servlet.FrameworkServlet [http-nio-8080-exec-1] Completed initialization in 10 ms
2021-05-18 12:49:26,079 INFO com.sanvalero.skyrun.controller.RunnerController [http-nio-8080-exec-1] Init modifyRunnerByFederated
2021-05-18 12:49:26,194 INFO com.sanvalero.skyrun.controller.RunnerController [http-nio-8080-exec-1] End modifyRunnerByFederated
