2021-06-10 18:24:16,692 INFO org.springframework.boot.StartupInfoLogger [main] Starting SkyRunApplication using Java 11.0.8 on DESKTOP-SPU9LGP with PID 5112 (C:\Users\shady\Documents\Proyectos_IntelliJ\SkyRun\target\classes started by shady in C:\Users\shady\Documents\Proyectos_IntelliJ\SkyRun)
2021-06-10 18:24:16,695 INFO org.springframework.boot.SpringApplication [main] No active profile set, falling back to default profiles: default
2021-06-10 18:24:17,352 INFO org.springframework.data.repository.config.RepositoryConfigurationDelegate [main] Bootstrapping Spring Data JPA repositories in DEFAULT mode.
2021-06-10 18:24:17,418 INFO org.springframework.data.repository.config.RepositoryConfigurationDelegate [main] Finished Spring Data repository scanning in 55 ms. Found 3 JPA repository interfaces.
2021-06-10 18:24:17,942 INFO org.springframework.boot.web.embedded.tomcat.TomcatWebServer [main] Tomcat initialized with port(s): 8080 (http)
2021-06-10 18:24:17,953 INFO org.apache.juli.logging.DirectJDKLog [main] Initializing ProtocolHandler ["http-nio-8080"]
2021-06-10 18:24:17,953 INFO org.apache.juli.logging.DirectJDKLog [main] Starting service [Tomcat]
2021-06-10 18:24:17,953 INFO org.apache.juli.logging.DirectJDKLog [main] Starting Servlet engine: [Apache Tomcat/9.0.45]
2021-06-10 18:24:18,048 INFO org.apache.juli.logging.DirectJDKLog [main] Initializing Spring embedded WebApplicationContext
2021-06-10 18:24:18,049 INFO org.springframework.boot.web.servlet.context.ServletWebServerApplicationContext [main] Root WebApplicationContext: initialization completed in 1322 ms
2021-06-10 18:24:18,215 INFO org.hibernate.jpa.internal.util.LogHelper [main] HHH000204: Processing PersistenceUnitInfo [name: default]
2021-06-10 18:24:18,276 INFO org.hibernate.Version [main] HHH000412: Hibernate ORM core version 5.4.30.Final
2021-06-10 18:24:18,389 INFO org.hibernate.annotations.common.reflection.java.JavaReflectionManager [main] HCANN000001: Hibernate Commons Annotations {5.1.2.Final}
2021-06-10 18:24:18,486 INFO com.zaxxer.hikari.HikariDataSource [main] HikariPool-1 - Starting...
2021-06-10 18:24:18,654 INFO com.zaxxer.hikari.HikariDataSource [main] HikariPool-1 - Start completed.
2021-06-10 18:24:18,671 INFO org.hibernate.dialect.Dialect [main] HHH000400: Using dialect: org.hibernate.dialect.MySQL55Dialect
2021-06-10 18:24:19,333 INFO org.hibernate.engine.transaction.jta.platform.internal.JtaPlatformInitiator [main] HHH000490: Using JtaPlatform implementation: [org.hibernate.engine.transaction.jta.platform.internal.NoJtaPlatform]
2021-06-10 18:24:19,341 INFO org.springframework.orm.jpa.AbstractEntityManagerFactoryBean [main] Initialized JPA EntityManagerFactory for persistence unit 'default'
2021-06-10 18:24:19,649 WARN org.springframework.boot.autoconfigure.orm.jpa.JpaBaseConfiguration$JpaWebConfiguration [main] spring.jpa.open-in-view is enabled by default. Therefore, database queries may be performed during view rendering. Explicitly configure spring.jpa.open-in-view to disable this warning
2021-06-10 18:24:19,700 INFO org.springframework.scheduling.concurrent.ExecutorConfigurationSupport [main] Initializing ExecutorService 'applicationTaskExecutor'
2021-06-10 18:24:20,016 WARN org.springframework.boot.autoconfigure.thymeleaf.ThymeleafAutoConfiguration$DefaultTemplateResolverConfiguration [main] Cannot find template location: classpath:/templates/ (please add some templates or check your Thymeleaf configuration)
2021-06-10 18:24:20,156 INFO org.apache.juli.logging.DirectJDKLog [main] Starting ProtocolHandler ["http-nio-8080"]
2021-06-10 18:24:20,179 INFO org.springframework.boot.web.embedded.tomcat.TomcatWebServer [main] Tomcat started on port(s): 8080 (http) with context path ''
2021-06-10 18:24:20,186 INFO org.springframework.boot.StartupInfoLogger [main] Started SkyRunApplication in 3.94 seconds (JVM running for 4.294)
2021-06-10 19:35:14,641 INFO org.apache.juli.logging.DirectJDKLog [http-nio-8080-exec-1] Initializing Spring DispatcherServlet 'dispatcherServlet'
2021-06-10 19:35:14,643 INFO org.springframework.web.servlet.FrameworkServlet [http-nio-8080-exec-1] Initializing Servlet 'dispatcherServlet'
2021-06-10 19:35:14,644 INFO org.springframework.web.servlet.FrameworkServlet [http-nio-8080-exec-1] Completed initialization in 1 ms
2021-06-10 19:35:14,732 INFO com.sanvalero.skyrun.controller.RunnerController [http-nio-8080-exec-1] Init addRunner
2021-06-10 19:35:14,841 INFO com.sanvalero.skyrun.controller.RunnerController [http-nio-8080-exec-1] End addRunner
2021-06-10 19:35:14,877 INFO com.sanvalero.skyrun.controller.RunnerController [http-nio-8080-exec-3] Init getRunners
2021-06-10 19:35:14,966 INFO com.sanvalero.skyrun.controller.RunnerController [http-nio-8080-exec-3] End getRunners
2021-06-10 19:43:56,906 INFO com.sanvalero.skyrun.controller.RunnerController [http-nio-8080-exec-5] Init addRunner
2021-06-10 19:43:56,915 INFO com.sanvalero.skyrun.controller.RunnerController [http-nio-8080-exec-5] End addRunner
2021-06-10 19:43:56,919 INFO com.sanvalero.skyrun.controller.RunnerController [http-nio-8080-exec-6] Init getRunners
2021-06-10 19:43:56,930 INFO com.sanvalero.skyrun.controller.RunnerController [http-nio-8080-exec-6] End getRunners
2021-06-10 19:44:02,116 INFO com.sanvalero.skyrun.controller.RunnerController [http-nio-8080-exec-7] Init addRunner
2021-06-10 19:44:02,126 INFO com.sanvalero.skyrun.controller.RunnerController [http-nio-8080-exec-7] End addRunner
2021-06-10 19:44:02,130 INFO com.sanvalero.skyrun.controller.RunnerController [http-nio-8080-exec-8] Init getRunners
2021-06-10 19:44:02,141 INFO com.sanvalero.skyrun.controller.RunnerController [http-nio-8080-exec-8] End getRunners
2021-06-10 19:44:06,106 INFO com.sanvalero.skyrun.controller.RunnerController [http-nio-8080-exec-9] Init addRunner
2021-06-10 19:44:06,113 INFO com.sanvalero.skyrun.controller.RunnerController [http-nio-8080-exec-9] End addRunner
2021-06-10 19:44:06,118 INFO com.sanvalero.skyrun.controller.RunnerController [http-nio-8080-exec-10] Init getRunners
2021-06-10 19:44:06,127 INFO com.sanvalero.skyrun.controller.RunnerController [http-nio-8080-exec-10] End getRunners
